Determining if files pthread.h exist failed with the following output:
Change Dir: C:/Craft/CMakeFiles/CMakeTmp

Run Build Command:"C:/MinGW/bin/mingw32-make.exe" "cmTryCompileExec2467758960/fast"
C:/MinGW/bin/mingw32-make.exe -f CMakeFiles\cmTryCompileExec2467758960.dir\build.make CMakeFiles/cmTryCompileExec2467758960.dir/build
mingw32-make.exe[1]: Entering directory 'C:/Craft/CMakeFiles/CMakeTmp'
"C:\Program Files (x86)\CMake\bin\cmake.exe" -E cmake_progress_report C:\Craft\CMakeFiles\CMakeTmp\CMakeFiles 1
Building C object CMakeFiles/cmTryCompileExec2467758960.dir/CheckIncludeFiles.c.obj
C:\MinGW\bin\gcc.exe    -o CMakeFiles\cmTryCompileExec2467758960.dir\CheckIncludeFiles.c.obj   -c C:\Craft\CMakeFiles\CMakeTmp\CheckIncludeFiles.c
C:\Craft\CMakeFiles\CMakeTmp\CheckIncludeFiles.c:2:21: fatal error: pthread.h: No such file or directory
 #include <pthread.h>
                     ^
compilation terminated.
CMakeFiles\cmTryCompileExec2467758960.dir\build.make:56: recipe for target 'CMakeFiles/cmTryCompileExec2467758960.dir/CheckIncludeFiles.c.obj' failed
mingw32-make.exe[1]: *** [CMakeFiles/cmTryCompileExec2467758960.dir/CheckIncludeFiles.c.obj] Error 1
mingw32-make.exe[1]: Leaving directory 'C:/Craft/CMakeFiles/CMakeTmp'
Makefile:117: recipe for target 'cmTryCompileExec2467758960/fast' failed
mingw32-make.exe: *** [cmTryCompileExec2467758960/fast] Error 2

Source:
/* */
#include <pthread.h>


int main(){return 0;}

